{"level":"info","message":"/api/maintenance-accounts-periodic >> getPeriodicList(4, 2018)","timestamp":"2018-04-21T05:08:47.637Z"}
{"level":"info","message":"/api/maintenance-accounts-periodic >> getPeriodicList(4, 2018)","timestamp":"2018-04-21T05:12:59.762Z"}
{"level":"info","message":"/api/maintenance-accounts-periodic >> getPeriodicList(4, 2018)","timestamp":"2018-04-21T05:13:03.343Z"}
{"level":"info","message":"/api/maintenance-accounts-periodic >> getPeriodicList(4, 2018)","timestamp":"2018-04-21T05:13:07.295Z"}
{"level":"info","message":"/api/maintenance-accounts-periodic >> getPeriodicList(4, 2018)","timestamp":"2018-04-21T05:13:09.800Z"}
{"level":"info","message":"/api/maintenance-accounts-periodic >> getPeriodicList(4, 2018)","timestamp":"2018-04-21T05:13:11.542Z"}
{"level":"info","message":"/api/maintenance-accounts-periodic >> getPeriodicList(4, 2018)","timestamp":"2018-04-21T05:13:13.833Z"}
{"level":"info","message":"/api/maintenance-accounts-periodic >> getPeriodicList(4, 2018)","timestamp":"2018-04-21T05:15:03.622Z"}
{"level":"info","message":"/api/maintenance-accounts-periodic >> getPeriodicList(4, 2018)","timestamp":"2018-04-21T05:15:07.796Z"}
{"level":"info","message":"/api/maintenance-accounts-periodic >> getPeriodicList(4, 2018)","timestamp":"2018-04-21T05:16:53.622Z"}
{"level":"info","message":"/api/maintenance-accounts-periodic >> getPeriodicList(4, 2018)","timestamp":"2018-04-21T05:17:15.766Z"}
{"level":"info","message":"/api/maintenance-accounts-periodic >> getPeriodicList(4, 2018)","timestamp":"2018-04-21T05:19:17.209Z"}
{"level":"info","message":"/api/maintenance-accounts-periodic >> getPeriodicList(4, 2018)","timestamp":"2018-04-21T05:21:44.737Z"}
{"level":"info","message":"/api/maintenance-accounts-periodic >> getPeriodicList(4, 2018)","timestamp":"2018-04-21T05:35:04.725Z"}
{"level":"info","message":"/api/maintenance-accounts-periodic >> getPeriodicList(4, 2018)","timestamp":"2018-04-21T05:35:08.264Z"}
{"level":"info","message":"/api/maintenance-accounts-periodic >> getPeriodicList(4, 2018)","timestamp":"2018-04-21T05:35:11.180Z"}
{"level":"info","message":"/api/maintenance-accounts-periodic >> getPeriodicList(4, 2018)","timestamp":"2018-04-21T05:35:13.161Z"}
{"level":"info","message":"/api/maintenance-accounts-periodic >> getPeriodicList(4, 2018)","timestamp":"2018-04-21T05:35:15.234Z"}
{"level":"info","message":"/api/maintenance-accounts-periodic >> getPeriodicList(4, 2018)","timestamp":"2018-04-21T05:35:17.648Z"}
{"level":"info","message":"/api/maintenance-accounts-periodic >> getPeriodicList(4, 2018)","timestamp":"2018-04-21T05:35:19.855Z"}
{"level":"info","message":"/api/maintenance-accounts-periodic >> getPeriodicList(4, 2018)","timestamp":"2018-04-21T05:35:22.195Z"}
{"level":"info","message":"/api/maintenance-accounts-periodic >> getPeriodicList(4, 2018)","timestamp":"2018-04-21T05:35:24.188Z"}
{"level":"info","message":"/api/maintenance-accounts-periodic >> getPeriodicList(4, 2018)","timestamp":"2018-04-21T05:35:45.426Z"}
{"level":"info","message":"/api/maintenance-accounts-periodic >> getPeriodicList(4, 2018)","timestamp":"2018-04-21T05:37:26.263Z"}
{"level":"info","message":"/api/maintenance-accounts-periodic >> getPeriodicList(4, 2018)","timestamp":"2018-04-21T05:51:19.380Z"}
{"level":"info","message":"/api/maintenance-accounts-periodic >> getPeriodicList(4, 2018)","timestamp":"2018-04-21T06:04:23.509Z"}
{"level":"info","message":"/api/maintenance-accounts-periodic >> getPeriodicList(4, 2018)","timestamp":"2018-04-21T06:04:26.097Z"}
{"level":"info","message":"/api/maintenance-accounts-periodic >> getPeriodicList(4, 2018)","timestamp":"2018-04-21T06:04:28.784Z"}
{"level":"info","message":"/api/maintenance-accounts-periodic >> getPeriodicList(4, 2018)","timestamp":"2018-04-21T06:04:36.540Z"}
{"level":"info","message":"/api/maintenance-accounts-periodic >> getPeriodicList(4, 2018)","timestamp":"2018-04-21T06:04:37.959Z"}
{"level":"info","message":"/api/maintenance-accounts-periodic >> getPeriodicList(4, 2018)","timestamp":"2018-04-21T06:04:40.997Z"}
{"level":"info","message":"/api/maintenance-accounts-periodic >> getPeriodicList(4, 2018)","timestamp":"2018-04-21T06:11:24.390Z"}
{"level":"info","message":"/api/maintenance-accounts-periodic >> getPeriodicList(4, 2018)","timestamp":"2018-04-21T06:11:27.178Z"}
{"level":"info","message":"/api/maintenance-accounts-periodic >> getPeriodicList(4, 2018)","timestamp":"2018-04-21T06:13:30.483Z"}
{"level":"error","message":"Invalid Credentials!","timestamp":"2018-04-21T06:13:41.154Z"}
{"level":"info","message":"/api/maintenance-accounts-periodic >> getPeriodicList(4, 2018)","timestamp":"2018-04-21T06:13:48.912Z"}
{"level":"info","message":"/api/maintenance-accounts-periodic >> getPeriodicList(4, 2018)","timestamp":"2018-04-21T06:17:40.127Z"}
{"level":"info","message":"/api/maintenance-accounts-periodic >> getPeriodicList(4, 2018)","timestamp":"2018-04-21T06:19:11.599Z"}
{"level":"info","message":"/api/maintenance-accounts-periodic >> getPeriodicList(4, 2018)","timestamp":"2018-04-21T06:19:14.500Z"}
{"level":"info","message":"/api/maintenance-accounts-periodic >> getPeriodicList(4, 2018)","timestamp":"2018-04-21T06:19:17.174Z"}
{"level":"info","message":"/api/maintenance-accounts-periodic >> getPeriodicList(4, 2018)","timestamp":"2018-04-21T06:19:35.712Z"}
{"level":"info","message":"/api/maintenance-accounts-periodic >> getPeriodicList(4, 2018)","timestamp":"2018-04-21T06:19:38.444Z"}
{"level":"info","message":"/api/maintenance-accounts-periodic >> getPeriodicList(4, 2018)","timestamp":"2018-04-21T06:19:50.462Z"}
{"level":"info","message":"/api/maintenance-accounts-periodic >> getPeriodicList(4, 2018)","timestamp":"2018-04-21T06:22:02.378Z"}
{"level":"info","message":"/api/maintenance-accounts-periodic >> getPeriodicList(4, 2018)","timestamp":"2018-04-21T07:09:02.551Z"}
{"level":"info","message":"/api/maintenance-accounts-periodic >> getPeriodicList(4, 2018)","timestamp":"2018-04-21T07:09:33.417Z"}
{"level":"info","message":"/api/maintenance-accounts-periodic >> getPeriodicList(4, 2018)","timestamp":"2018-04-21T07:10:19.611Z"}
{"level":"info","message":"/api/maintenance-accounts-periodic >> getPeriodicList(4, 2018)","timestamp":"2018-04-21T07:12:14.845Z"}
{"level":"info","message":"/api/maintenance-accounts-periodic >> getPeriodicList(4, 2018)","timestamp":"2018-04-21T07:14:18.960Z"}
{"level":"info","message":"/api/maintenance-accounts-periodic >> getPeriodicList(4, 2018)","timestamp":"2018-04-21T07:23:30.311Z"}
{"level":"info","message":"/api/maintenance-accounts-periodic >> getPeriodicList(4, 2018)","timestamp":"2018-04-21T07:23:49.295Z"}
{"level":"info","message":"/api/maintenance-accounts-periodic >> getPeriodicList(4, 2018)","timestamp":"2018-04-21T07:23:57.872Z"}
{"level":"info","message":"/api/maintenance-accounts-periodic >> getPeriodicList(4, 2018)","timestamp":"2018-04-21T08:41:30.314Z"}
{"level":"info","message":"/api/maintenance-accounts-periodic >> getPeriodicList(4, 2018)","timestamp":"2018-04-21T08:48:08.654Z"}
{"level":"info","message":"/api/maintenance-accounts-for >> getMonthlyAccountFor(F1, 4, 2018)","timestamp":"2018-04-21T12:00:55.707Z"}
{"level":"info","message":"/api/maintenance-accounts-for >> getMonthlyAccountFor(F1, 4, 2018)","timestamp":"2018-04-21T13:52:21.542Z"}
{"level":"info","message":"/api/maintenance-accounts-for >> getMonthlyAccountFor(F1, 4, 2018)","timestamp":"2018-04-21T14:03:39.377Z"}
{"level":"info","message":"authorizedModels................","timestamp":"2018-04-21T14:03:39.428Z"}
{"length":1,"models":[{"attributes":{"id":67,"item":"Monthly Maintenance Fee","flat_number":"F1","for_month":4,"for_year":2018,"name":"F1 Resident","crdr":"cr","amount":600,"balance":5601,"category":"Monthly Maintenance","recorded_at":"2018-04-18","remarks":"Paid monthly maintenance","owner_id":0,"created_at":"2018-04-18T08:00:26.000Z","updated_at":"2018-04-19T14:36:01.000Z","deleted_at":null},"_previousAttributes":{"id":67,"item":"Monthly Maintenance Fee","flat_number":"F1","for_month":4,"for_year":2018,"name":"F1 Resident","crdr":"cr","amount":600,"balance":5601,"category":"Monthly Maintenance","recorded_at":"2018-04-18","remarks":"Paid monthly maintenance","owner_id":0,"created_at":"2018-04-18T08:00:26.000Z","updated_at":"2018-04-19T14:36:01.000Z","deleted_at":null},"changed":{},"relations":{},"cid":"c7","id":67,"_events":{},"_eventsCount":2}],"_byId":{"67":{"$ref":"$[\"models\"][0]"},"c7":{"$ref":"$[\"models\"][0]"}},"_events":{},"_eventsCount":2,"_knex":null,"level":"info","message":"","timestamp":"2018-04-21T14:03:39.429Z"}
{"level":"info","message":"authorized model ...................","timestamp":"2018-04-21T14:03:39.430Z"}
{"level":"info","message":"","timestamp":"2018-04-21T14:03:39.430Z"}
{"level":"info","message":"/api/maintenance-accounts-for >> getMonthlyAccountFor(F1, 4, 2018)","timestamp":"2018-04-21T14:20:27.827Z"}
{"level":"info","message":"authorizedModels................","timestamp":"2018-04-21T14:20:27.871Z"}
{"length":1,"models":[{"attributes":{"id":67,"item":"Monthly Maintenance Fee","flat_number":"F1","for_month":4,"for_year":2018,"name":"F1 Resident","crdr":"cr","amount":600,"balance":5601,"category":"Monthly Maintenance","recorded_at":"2018-04-18","remarks":"Paid monthly maintenance","owner_id":0,"created_at":"2018-04-18T08:00:26.000Z","updated_at":"2018-04-19T14:36:01.000Z","deleted_at":null},"_previousAttributes":{"id":67,"item":"Monthly Maintenance Fee","flat_number":"F1","for_month":4,"for_year":2018,"name":"F1 Resident","crdr":"cr","amount":600,"balance":5601,"category":"Monthly Maintenance","recorded_at":"2018-04-18","remarks":"Paid monthly maintenance","owner_id":0,"created_at":"2018-04-18T08:00:26.000Z","updated_at":"2018-04-19T14:36:01.000Z","deleted_at":null},"changed":{},"relations":{},"cid":"c7","id":67,"_events":{},"_eventsCount":2}],"_byId":{"67":{"$ref":"$[\"models\"][0]"},"c7":{"$ref":"$[\"models\"][0]"}},"_events":{},"_eventsCount":2,"_knex":null,"level":"info","message":"","timestamp":"2018-04-21T14:20:27.872Z"}
{"level":"info","message":"/api/maintenance-accounts-for >> getMonthlyAccountFor(F1, 4, 2018)","timestamp":"2018-04-21T14:22:22.580Z"}
{"level":"info","message":"authorizedModels................","timestamp":"2018-04-21T14:22:22.621Z"}
{"length":1,"models":[{"attributes":{"id":67,"item":"Monthly Maintenance Fee","flat_number":"F1","for_month":4,"for_year":2018,"name":"F1 Resident","crdr":"cr","amount":600,"balance":5601,"category":"Monthly Maintenance","recorded_at":"2018-04-18","remarks":"Paid monthly maintenance","owner_id":0,"created_at":"2018-04-18T08:00:26.000Z","updated_at":"2018-04-19T14:36:01.000Z","deleted_at":null},"_previousAttributes":{"id":67,"item":"Monthly Maintenance Fee","flat_number":"F1","for_month":4,"for_year":2018,"name":"F1 Resident","crdr":"cr","amount":600,"balance":5601,"category":"Monthly Maintenance","recorded_at":"2018-04-18","remarks":"Paid monthly maintenance","owner_id":0,"created_at":"2018-04-18T08:00:26.000Z","updated_at":"2018-04-19T14:36:01.000Z","deleted_at":null},"changed":{},"relations":{},"cid":"c39","id":67,"_events":{},"_eventsCount":2}],"_byId":{"67":{"$ref":"$[\"models\"][0]"},"c39":{"$ref":"$[\"models\"][0]"}},"_events":{},"_eventsCount":2,"_knex":null,"level":"info","message":"","timestamp":"2018-04-21T14:22:22.622Z"}
{"level":"info","message":"/api/maintenance-accounts-for >> getMonthlyAccountFor(F1, 4, 2018)","timestamp":"2018-04-21T14:22:50.593Z"}
{"level":"info","message":"authorizedModels................","timestamp":"2018-04-21T14:22:50.630Z"}
{"length":1,"models":[{"attributes":{"id":67,"item":"Monthly Maintenance Fee","flat_number":"F1","for_month":4,"for_year":2018,"name":"F1 Resident","crdr":"cr","amount":600,"balance":5601,"category":"Monthly Maintenance","recorded_at":"2018-04-18","remarks":"Paid monthly maintenance","owner_id":0,"created_at":"2018-04-18T08:00:26.000Z","updated_at":"2018-04-19T14:36:01.000Z","deleted_at":null},"_previousAttributes":{"id":67,"item":"Monthly Maintenance Fee","flat_number":"F1","for_month":4,"for_year":2018,"name":"F1 Resident","crdr":"cr","amount":600,"balance":5601,"category":"Monthly Maintenance","recorded_at":"2018-04-18","remarks":"Paid monthly maintenance","owner_id":0,"created_at":"2018-04-18T08:00:26.000Z","updated_at":"2018-04-19T14:36:01.000Z","deleted_at":null},"changed":{},"relations":{},"cid":"c106","id":67,"_events":{},"_eventsCount":2}],"_byId":{"67":{"$ref":"$[\"models\"][0]"},"c106":{"$ref":"$[\"models\"][0]"}},"_events":{},"_eventsCount":2,"_knex":null,"level":"info","message":"","timestamp":"2018-04-21T14:22:50.631Z"}
{"level":"info","message":"/api/maintenance-accounts-for >> getMonthlyAccountFor(F1, 4, 2018)","timestamp":"2018-04-21T14:23:49.392Z"}
{"level":"info","message":"authorizedModels................","timestamp":"2018-04-21T14:23:49.442Z"}
{"length":1,"models":[{"attributes":{"id":67,"item":"Monthly Maintenance Fee","flat_number":"F1","for_month":4,"for_year":2018,"name":"F1 Resident","crdr":"cr","amount":600,"balance":5601,"category":"Monthly Maintenance","recorded_at":"2018-04-18","remarks":"Paid monthly maintenance","owner_id":0,"created_at":"2018-04-18T08:00:26.000Z","updated_at":"2018-04-19T14:36:01.000Z","deleted_at":null},"_previousAttributes":{"id":67,"item":"Monthly Maintenance Fee","flat_number":"F1","for_month":4,"for_year":2018,"name":"F1 Resident","crdr":"cr","amount":600,"balance":5601,"category":"Monthly Maintenance","recorded_at":"2018-04-18","remarks":"Paid monthly maintenance","owner_id":0,"created_at":"2018-04-18T08:00:26.000Z","updated_at":"2018-04-19T14:36:01.000Z","deleted_at":null},"changed":{},"relations":{},"cid":"c138","id":67,"_events":{},"_eventsCount":2}],"_byId":{"67":{"$ref":"$[\"models\"][0]"},"c138":{"$ref":"$[\"models\"][0]"}},"_events":{},"_eventsCount":2,"_knex":null,"level":"info","message":"","timestamp":"2018-04-21T14:23:49.442Z"}
{"level":"info","message":"/api/maintenance-accounts-for >> getMonthlyAccountFor(F1, 4, 2018)","timestamp":"2018-04-21T14:24:52.160Z"}
{"level":"info","message":"authorizedModels................","timestamp":"2018-04-21T14:24:52.202Z"}
{"length":1,"models":[{"attributes":{"id":67,"item":"Monthly Maintenance Fee","flat_number":"F1","for_month":4,"for_year":2018,"name":"F1 Resident","crdr":"cr","amount":600,"balance":5601,"category":"Monthly Maintenance","recorded_at":"2018-04-18","remarks":"Paid monthly maintenance","owner_id":0,"created_at":"2018-04-18T08:00:26.000Z","updated_at":"2018-04-19T14:36:01.000Z","deleted_at":null},"_previousAttributes":{"id":67,"item":"Monthly Maintenance Fee","flat_number":"F1","for_month":4,"for_year":2018,"name":"F1 Resident","crdr":"cr","amount":600,"balance":5601,"category":"Monthly Maintenance","recorded_at":"2018-04-18","remarks":"Paid monthly maintenance","owner_id":0,"created_at":"2018-04-18T08:00:26.000Z","updated_at":"2018-04-19T14:36:01.000Z","deleted_at":null},"changed":{},"relations":{},"cid":"c205","id":67,"_events":{},"_eventsCount":2}],"_byId":{"67":{"$ref":"$[\"models\"][0]"},"c205":{"$ref":"$[\"models\"][0]"}},"_events":{},"_eventsCount":2,"_knex":null,"level":"info","message":"","timestamp":"2018-04-21T14:24:52.202Z"}
{"level":"info","message":"/api/maintenance-accounts-for >> getMonthlyAccountFor(F1, 4, 2018)","timestamp":"2018-04-21T14:41:53.963Z"}
{"level":"info","message":"authorizedModels................","timestamp":"2018-04-21T14:41:54.004Z"}
{"length":1,"models":[{"attributes":{"id":67,"item":"Monthly Maintenance Fee","flat_number":"F1","for_month":4,"for_year":2018,"name":"F1 Resident","crdr":"cr","amount":600,"balance":5601,"category":"Monthly Maintenance","recorded_at":"2018-04-18","remarks":"Paid monthly maintenance","owner_id":0,"created_at":"2018-04-18T08:00:26.000Z","updated_at":"2018-04-19T14:36:01.000Z","deleted_at":null},"_previousAttributes":{"id":67,"item":"Monthly Maintenance Fee","flat_number":"F1","for_month":4,"for_year":2018,"name":"F1 Resident","crdr":"cr","amount":600,"balance":5601,"category":"Monthly Maintenance","recorded_at":"2018-04-18","remarks":"Paid monthly maintenance","owner_id":0,"created_at":"2018-04-18T08:00:26.000Z","updated_at":"2018-04-19T14:36:01.000Z","deleted_at":null},"changed":{},"relations":{},"cid":"c237","id":67,"_events":{},"_eventsCount":2}],"_byId":{"67":{"$ref":"$[\"models\"][0]"},"c237":{"$ref":"$[\"models\"][0]"}},"_events":{},"_eventsCount":2,"_knex":null,"level":"info","message":"","timestamp":"2018-04-21T14:41:54.005Z"}
{"level":"info","message":"/api/maintenance-accounts-for >> getMonthlyAccountFor(F1, 4, 2018)","timestamp":"2018-04-21T14:45:24.191Z"}
{"level":"info","message":"authorizedModels................","timestamp":"2018-04-21T14:45:24.229Z"}
{"length":1,"models":[{"attributes":{"id":67,"item":"Monthly Maintenance Fee","flat_number":"F1","for_month":4,"for_year":2018,"name":"F1 Resident","crdr":"cr","amount":600,"balance":5601,"category":"Monthly Maintenance","recorded_at":"2018-04-18","remarks":"Paid monthly maintenance","owner_id":0,"created_at":"2018-04-18T08:00:26.000Z","updated_at":"2018-04-19T14:36:01.000Z","deleted_at":null},"_previousAttributes":{"id":67,"item":"Monthly Maintenance Fee","flat_number":"F1","for_month":4,"for_year":2018,"name":"F1 Resident","crdr":"cr","amount":600,"balance":5601,"category":"Monthly Maintenance","recorded_at":"2018-04-18","remarks":"Paid monthly maintenance","owner_id":0,"created_at":"2018-04-18T08:00:26.000Z","updated_at":"2018-04-19T14:36:01.000Z","deleted_at":null},"changed":{},"relations":{},"cid":"c269","id":67,"_events":{},"_eventsCount":2}],"_byId":{"67":{"$ref":"$[\"models\"][0]"},"c269":{"$ref":"$[\"models\"][0]"}},"_events":{},"_eventsCount":2,"_knex":null,"level":"info","message":"","timestamp":"2018-04-21T14:45:24.230Z"}
{"level":"info","message":"/api/maintenance-accounts-for >> getMonthlyAccountFor(F1, 4, 2018)","timestamp":"2018-04-21T14:45:49.257Z"}
{"level":"info","message":"authorizedModels................","timestamp":"2018-04-21T14:45:49.281Z"}
{"length":1,"models":[{"attributes":{"id":67,"item":"Monthly Maintenance Fee","flat_number":"F1","for_month":4,"for_year":2018,"name":"F1 Resident","crdr":"cr","amount":600,"balance":5601,"category":"Monthly Maintenance","recorded_at":"2018-04-18","remarks":"Paid monthly maintenance","owner_id":0,"created_at":"2018-04-18T08:00:26.000Z","updated_at":"2018-04-19T14:36:01.000Z","deleted_at":null},"_previousAttributes":{"id":67,"item":"Monthly Maintenance Fee","flat_number":"F1","for_month":4,"for_year":2018,"name":"F1 Resident","crdr":"cr","amount":600,"balance":5601,"category":"Monthly Maintenance","recorded_at":"2018-04-18","remarks":"Paid monthly maintenance","owner_id":0,"created_at":"2018-04-18T08:00:26.000Z","updated_at":"2018-04-19T14:36:01.000Z","deleted_at":null},"changed":{},"relations":{},"cid":"c301","id":67,"_events":{},"_eventsCount":2}],"_byId":{"67":{"$ref":"$[\"models\"][0]"},"c301":{"$ref":"$[\"models\"][0]"}},"_events":{},"_eventsCount":2,"_knex":null,"level":"info","message":"","timestamp":"2018-04-21T14:45:49.281Z"}
{"level":"info","message":"/api/maintenance-accounts-for >> getMonthlyAccountFor(F1, 4, 2018)","timestamp":"2018-04-21T15:07:19.464Z"}
{"level":"info","message":"authorizedModels................","timestamp":"2018-04-21T15:07:19.509Z"}
{"length":1,"models":[{"attributes":{"id":67,"item":"Monthly Maintenance Fee","flat_number":"F1","for_month":4,"for_year":2018,"name":"F1 Resident","crdr":"cr","amount":600,"balance":5601,"category":"Monthly Maintenance","recorded_at":"2018-04-18","remarks":"Paid monthly maintenance","owner_id":0,"created_at":"2018-04-18T08:00:26.000Z","updated_at":"2018-04-19T14:36:01.000Z","deleted_at":null},"_previousAttributes":{"id":67,"item":"Monthly Maintenance Fee","flat_number":"F1","for_month":4,"for_year":2018,"name":"F1 Resident","crdr":"cr","amount":600,"balance":5601,"category":"Monthly Maintenance","recorded_at":"2018-04-18","remarks":"Paid monthly maintenance","owner_id":0,"created_at":"2018-04-18T08:00:26.000Z","updated_at":"2018-04-19T14:36:01.000Z","deleted_at":null},"changed":{},"relations":{},"cid":"c333","id":67,"_events":{},"_eventsCount":2}],"_byId":{"67":{"$ref":"$[\"models\"][0]"},"c333":{"$ref":"$[\"models\"][0]"}},"_events":{},"_eventsCount":2,"_knex":null,"level":"info","message":"","timestamp":"2018-04-21T15:07:19.510Z"}
{"level":"info","message":"/api/maintenance-accounts-for >> getMonthlyAccountFor(F1, 4, 2018)","timestamp":"2018-04-21T15:08:22.600Z"}
{"level":"info","message":"authorizedModels................","timestamp":"2018-04-21T15:08:22.636Z"}
{"length":1,"models":[{"attributes":{"id":67,"item":"Monthly Maintenance Fee","flat_number":"F1","for_month":4,"for_year":2018,"name":"F1 Resident","crdr":"cr","amount":600,"balance":5601,"category":"Monthly Maintenance","recorded_at":"2018-04-18","remarks":"Paid monthly maintenance","owner_id":0,"created_at":"2018-04-18T08:00:26.000Z","updated_at":"2018-04-19T14:36:01.000Z","deleted_at":null},"_previousAttributes":{"id":67,"item":"Monthly Maintenance Fee","flat_number":"F1","for_month":4,"for_year":2018,"name":"F1 Resident","crdr":"cr","amount":600,"balance":5601,"category":"Monthly Maintenance","recorded_at":"2018-04-18","remarks":"Paid monthly maintenance","owner_id":0,"created_at":"2018-04-18T08:00:26.000Z","updated_at":"2018-04-19T14:36:01.000Z","deleted_at":null},"changed":{},"relations":{},"cid":"c365","id":67,"_events":{},"_eventsCount":2}],"_byId":{"67":{"$ref":"$[\"models\"][0]"},"c365":{"$ref":"$[\"models\"][0]"}},"_events":{},"_eventsCount":2,"_knex":null,"level":"info","message":"","timestamp":"2018-04-21T15:08:22.637Z"}
{"level":"info","message":"/api/maintenance-accounts-for >> getMonthlyAccountFor(F1, 4, 2018)","timestamp":"2018-04-21T15:08:53.813Z"}
{"level":"info","message":"authorizedModels................","timestamp":"2018-04-21T15:08:53.835Z"}
{"length":1,"models":[{"attributes":{"id":67,"item":"Monthly Maintenance Fee","flat_number":"F1","for_month":4,"for_year":2018,"name":"F1 Resident","crdr":"cr","amount":600,"balance":5601,"category":"Monthly Maintenance","recorded_at":"2018-04-18","remarks":"Paid monthly maintenance","owner_id":0,"created_at":"2018-04-18T08:00:26.000Z","updated_at":"2018-04-19T14:36:01.000Z","deleted_at":null},"_previousAttributes":{"id":67,"item":"Monthly Maintenance Fee","flat_number":"F1","for_month":4,"for_year":2018,"name":"F1 Resident","crdr":"cr","amount":600,"balance":5601,"category":"Monthly Maintenance","recorded_at":"2018-04-18","remarks":"Paid monthly maintenance","owner_id":0,"created_at":"2018-04-18T08:00:26.000Z","updated_at":"2018-04-19T14:36:01.000Z","deleted_at":null},"changed":{},"relations":{},"cid":"c432","id":67,"_events":{},"_eventsCount":2}],"_byId":{"67":{"$ref":"$[\"models\"][0]"},"c432":{"$ref":"$[\"models\"][0]"}},"_events":{},"_eventsCount":2,"_knex":null,"level":"info","message":"","timestamp":"2018-04-21T15:08:53.835Z"}
{"level":"info","message":"/api/maintenance-accounts-for >> getMonthlyAccountFor(F1, 4, 2018)","timestamp":"2018-04-21T15:22:00.607Z"}
{"level":"info","message":"authorizedModels................","timestamp":"2018-04-21T15:22:00.669Z"}
{"length":1,"models":[{"attributes":{"id":67,"item":"Monthly Maintenance Fee","flat_number":"F1","for_month":4,"for_year":2018,"name":"F1 Resident","crdr":"cr","amount":600,"balance":5601,"category":"Monthly Maintenance","recorded_at":"2018-04-18","remarks":"Paid monthly maintenance","owner_id":0,"created_at":"2018-04-18T08:00:26.000Z","updated_at":"2018-04-19T14:36:01.000Z","deleted_at":null},"_previousAttributes":{"id":67,"item":"Monthly Maintenance Fee","flat_number":"F1","for_month":4,"for_year":2018,"name":"F1 Resident","crdr":"cr","amount":600,"balance":5601,"category":"Monthly Maintenance","recorded_at":"2018-04-18","remarks":"Paid monthly maintenance","owner_id":0,"created_at":"2018-04-18T08:00:26.000Z","updated_at":"2018-04-19T14:36:01.000Z","deleted_at":null},"changed":{},"relations":{},"cid":"c464","id":67,"_events":{},"_eventsCount":2}],"_byId":{"67":{"$ref":"$[\"models\"][0]"},"c464":{"$ref":"$[\"models\"][0]"}},"_events":{},"_eventsCount":2,"_knex":null,"level":"info","message":"","timestamp":"2018-04-21T15:22:00.670Z"}
{"level":"info","message":"/api/maintenance-accounts-for >> getMonthlyAccountFor(F1, 4, 2018)","timestamp":"2018-04-21T16:02:37.332Z"}
{"level":"info","message":"authorizedModels................","timestamp":"2018-04-21T16:02:37.530Z"}
{"length":1,"models":[{"attributes":{"id":67,"item":"Monthly Maintenance Fee","flat_number":"F1","for_month":4,"for_year":2018,"name":"F1 Resident","crdr":"cr","amount":600,"balance":5601,"category":"Monthly Maintenance","recorded_at":"2018-04-18","remarks":"Paid monthly maintenance","owner_id":0,"created_at":"2018-04-18T08:00:26.000Z","updated_at":"2018-04-19T14:36:01.000Z","deleted_at":null},"_previousAttributes":{"id":67,"item":"Monthly Maintenance Fee","flat_number":"F1","for_month":4,"for_year":2018,"name":"F1 Resident","crdr":"cr","amount":600,"balance":5601,"category":"Monthly Maintenance","recorded_at":"2018-04-18","remarks":"Paid monthly maintenance","owner_id":0,"created_at":"2018-04-18T08:00:26.000Z","updated_at":"2018-04-19T14:36:01.000Z","deleted_at":null},"changed":{},"relations":{},"cid":"c7","id":67,"_events":{},"_eventsCount":2}],"_byId":{"67":{"$ref":"$[\"models\"][0]"},"c7":{"$ref":"$[\"models\"][0]"}},"_events":{},"_eventsCount":2,"_knex":null,"level":"info","message":"","timestamp":"2018-04-21T16:02:37.532Z"}
{"level":"info","message":"/api/maintenance-accounts-for >> getMonthlyAccountFor(F1, 4, 2018)","timestamp":"2018-04-21T16:44:13.442Z"}
{"level":"info","message":"authorizedModels................","timestamp":"2018-04-21T16:44:13.473Z"}
{"length":1,"models":[{"attributes":{"id":67,"item":"Monthly Maintenance Fee","flat_number":"F1","for_month":4,"for_year":2018,"name":"F1 Resident","crdr":"cr","amount":600,"balance":5601,"category":"Monthly Maintenance","recorded_at":"2018-04-18","remarks":"Paid monthly maintenance","owner_id":0,"created_at":"2018-04-18T08:00:26.000Z","updated_at":"2018-04-19T14:36:01.000Z","deleted_at":null},"_previousAttributes":{"id":67,"item":"Monthly Maintenance Fee","flat_number":"F1","for_month":4,"for_year":2018,"name":"F1 Resident","crdr":"cr","amount":600,"balance":5601,"category":"Monthly Maintenance","recorded_at":"2018-04-18","remarks":"Paid monthly maintenance","owner_id":0,"created_at":"2018-04-18T08:00:26.000Z","updated_at":"2018-04-19T14:36:01.000Z","deleted_at":null},"changed":{},"relations":{},"cid":"c74","id":67,"_events":{},"_eventsCount":2}],"_byId":{"67":{"$ref":"$[\"models\"][0]"},"c74":{"$ref":"$[\"models\"][0]"}},"_events":{},"_eventsCount":2,"_knex":null,"level":"info","message":"","timestamp":"2018-04-21T16:44:13.474Z"}
{"level":"info","message":"/api/maintenance-accounts-for >> getMonthlyAccountFor(F1, 4, 2018)","timestamp":"2018-04-21T16:59:56.590Z"}
{"level":"info","message":"authorizedModels................","timestamp":"2018-04-21T16:59:56.629Z"}
{"length":1,"models":[{"attributes":{"id":67,"item":"Monthly Maintenance Fee","flat_number":"F1","for_month":4,"for_year":2018,"name":"F1 Resident","crdr":"cr","amount":600,"balance":5601,"category":"Monthly Maintenance","recorded_at":"2018-04-18","remarks":"Paid monthly maintenance","owner_id":0,"created_at":"2018-04-18T08:00:26.000Z","updated_at":"2018-04-19T14:36:01.000Z","deleted_at":null},"_previousAttributes":{"id":67,"item":"Monthly Maintenance Fee","flat_number":"F1","for_month":4,"for_year":2018,"name":"F1 Resident","crdr":"cr","amount":600,"balance":5601,"category":"Monthly Maintenance","recorded_at":"2018-04-18","remarks":"Paid monthly maintenance","owner_id":0,"created_at":"2018-04-18T08:00:26.000Z","updated_at":"2018-04-19T14:36:01.000Z","deleted_at":null},"changed":{},"relations":{},"cid":"c106","id":67,"_events":{},"_eventsCount":2}],"_byId":{"67":{"$ref":"$[\"models\"][0]"},"c106":{"$ref":"$[\"models\"][0]"}},"_events":{},"_eventsCount":2,"_knex":null,"level":"info","message":"","timestamp":"2018-04-21T16:59:56.630Z"}
